{"name": "Проверка разлогина юзера по кнопке \"Выход\"", "status": "broken", "statusDetails": {"message": "Exception: Не удалось зарегистрировать пользователя и получить токены.", "trace": "driver = <selenium.webdriver.chrome.webdriver.WebDriver (session=\"b1e7b366726af008fe417a89aa98c8fa\")>\n\n    @pytest.fixture(scope='function') # Фикстура для регистрации и аутентификации нового пользователя.\n    def login_new_user(driver):\n    \n        tokens = register_and_authenticate_user()\n    \n        # Проверка, что токены не равны None\n        if tokens is None:\n>           raise Exception(\"Не удалось зарегистрировать пользователя и получить токены.\")\nE           Exception: Не удалось зарегистрировать пользователя и получить токены.\n\nconftest.py:47: Exception"}, "attachments": [{"name": "log", "source": "d22c6102-2052-4d34-9977-3f3ff1faa5fb-attachment.txt", "type": "text/plain"}, {"name": "stderr", "source": "237737b6-c35a-47a6-9a41-6aeb3c6c1565-attachment.txt", "type": "text/plain"}], "parameters": [{"name": "driver", "value": "'chrome'"}], "start": 1730127328436, "stop": 1730127328436, "uuid": "f6f838ec-34b2-42f6-af88-f17d37f15a92", "historyId": "0569eacb29e2ae0f2641ab5d536b265d", "testCaseId": "86902732fd4a5beacc37d747aeaddbb1", "fullName": "tests.test_personal_account_page.TestPersonalAccountPage#test_logout_via_exit_link", "labels": [{"name": "parentSuite", "value": "tests"}, {"name": "suite", "value": "test_personal_account_page"}, {"name": "subSuite", "value": "TestPersonalAccountPage"}, {"name": "host", "value": "DESKTOP-AMN9CM3"}, {"name": "thread", "value": "8852-MainThread"}, {"name": "framework", "value": "pytest"}, {"name": "language", "value": "cpython3"}, {"name": "package", "value": "tests.test_personal_account_page"}]}