{"name": "Проверка оформления заказа авторизованным пользователем", "status": "broken", "statusDetails": {"message": "selenium.common.exceptions.TimeoutException: Message: \nStacktrace:\n\tGetHandleVerifier [0x00EE3853+24035]\n\t(No symbol) [0x00E6BBE4]\n\t(No symbol) [0x00D4C2D3]\n\t(No symbol) [0x00D8DC86]\n\t(No symbol) [0x00D8DECB]\n\t(No symbol) [0x00DCB9D2]\n\t(No symbol) [0x00DAFED4]\n\t(No symbol) [0x00DC953F]\n\t(No symbol) [0x00DAFC26]\n\t(No symbol) [0x00D8218C]\n\t(No symbol) [0x00D8310D]\n\tGetHandleVerifier [0x01189683+2800659]\n\tGetHandleVerifier [0x011E423E+3172302]\n\tGetHandleVerifier [0x011DCE52+3142626]\n\tGetHandleVerifier [0x00F86C00+692624]\n\t(No symbol) [0x00E74BFD]\n\t(No symbol) [0x00E71908]\n\t(No symbol) [0x00E71AA0]\n\t(No symbol) [0x00E63F50]\n\tBaseThreadInitThunk [0x75C9FCC9+25]\n\tRtlGetAppContainerNamedObjectPath [0x771F809E+286]\n\tRtlGetAppContainerNamedObjectPath [0x771F806E+238]", "trace": "self = <tests.test_burger_builder_page.TestBurgerBuilderPage object at 0x000001FE53395C70>, driver = <selenium.webdriver.chrome.webdriver.WebDriver (session=\"a89b2e41284a03abc5793391152d0c31\")>\nlogin_new_user = {'accessToken': 'Bearer eyJhbGciOiJIUzI1NiIsInR5cCI6IkpXVCJ9.eyJpZCI6IjY3MWY5YzQzOWVkMjgwMDAxYjRmOWY3MiIsImlhdCI6MTczM...mrxV-VhASE1k2053A', 'refreshToken': '2edcb6ee82215396904551e16188797a81f451896c5f522144e58a1acf5043fea175cef634cda697'}\n\n    @allure.title('Проверка оформления заказа авторизованным пользователем')\n    def test_order_creation_by_logged_in_user(self, driver, login_new_user):\n        burger_builder_page = BurgerBuilderPage(driver)\n        burger_builder_page.navigate_to_constructor()\n    \n        bun_id = fetch_random_bun_id()\n        ingredient_id = fetch_random_ingredient_id()\n        burger_builder_page.move_ingredient_to_basket(bun_id)\n        burger_builder_page.move_ingredient_to_basket(ingredient_id)\n        burger_builder_page.press_order_button()\n    \n>       WebDriverWait(driver, 10).until(EC.visibility_of_element_located((By.XPATH, 'ваш_xpath_для_успешного_экрана')))\n\ntests\\test_burger_builder_page.py:56: \n_ _ _ _ _ _ _ _ _ _ _ _ _ _ _ _ _ _ _ _ _ _ _ _ _ _ _ _ _ _ _ _ _ _ _ _ _ _ _ _ _ _ _ _ _ _ _ _ _ _ _ _ _ _ _ _ _ _ _ _ _ _ _ _ _ _ _ _ _ _ _ _ _ _ _ _ _ _ _ _ _ _ _ _ _ _ _ _ _ _ _ _ _ _ _ _ _ _ _ _ _ _ _ _ _ _ _ _ _ _ _ _ _ _ _ _\n\nself = <selenium.webdriver.support.wait.WebDriverWait (session=\"a89b2e41284a03abc5793391152d0c31\")>, method = <function visibility_of_element_located.<locals>._predicate at 0x000001FE533CE840>, message = ''\n\n    def until(self, method: Callable[[D], Union[Literal[False], T]], message: str = \"\") -> T:\n        \"\"\"Calls the method provided with the driver as an argument until the \\\n        return value does not evaluate to ``False``.\n    \n        :param method: callable(WebDriver)\n        :param message: optional message for :exc:`TimeoutException`\n        :returns: the result of the last call to `method`\n        :raises: :exc:`selenium.common.exceptions.TimeoutException` if timeout occurs\n        \"\"\"\n        screen = None\n        stacktrace = None\n    \n        end_time = time.monotonic() + self._timeout\n        while True:\n            try:\n                value = method(self._driver)\n                if value:\n                    return value\n            except self._ignored_exceptions as exc:\n                screen = getattr(exc, \"screen\", None)\n                stacktrace = getattr(exc, \"stacktrace\", None)\n            time.sleep(self._poll)\n            if time.monotonic() > end_time:\n                break\n>       raise TimeoutException(message, screen, stacktrace)\nE       selenium.common.exceptions.TimeoutException: Message: \nE       Stacktrace:\nE       \tGetHandleVerifier [0x00EE3853+24035]\nE       \t(No symbol) [0x00E6BBE4]\nE       \t(No symbol) [0x00D4C2D3]\nE       \t(No symbol) [0x00D8DC86]\nE       \t(No symbol) [0x00D8DECB]\nE       \t(No symbol) [0x00DCB9D2]\nE       \t(No symbol) [0x00DAFED4]\nE       \t(No symbol) [0x00DC953F]\nE       \t(No symbol) [0x00DAFC26]\nE       \t(No symbol) [0x00D8218C]\nE       \t(No symbol) [0x00D8310D]\nE       \tGetHandleVerifier [0x01189683+2800659]\nE       \tGetHandleVerifier [0x011E423E+3172302]\nE       \tGetHandleVerifier [0x011DCE52+3142626]\nE       \tGetHandleVerifier [0x00F86C00+692624]\nE       \t(No symbol) [0x00E74BFD]\nE       \t(No symbol) [0x00E71908]\nE       \t(No symbol) [0x00E71AA0]\nE       \t(No symbol) [0x00E63F50]\nE       \tBaseThreadInitThunk [0x75C9FCC9+25]\nE       \tRtlGetAppContainerNamedObjectPath [0x771F809E+286]\nE       \tRtlGetAppContainerNamedObjectPath [0x771F806E+238]\n\nvenv\\Lib\\site-packages\\selenium\\webdriver\\support\\wait.py:105: TimeoutException"}, "steps": [{"name": "Переход на страницу конструктора", "status": "passed", "start": 1730124905172, "stop": 1730124905309}, {"name": "Определение случайного id булки для заказа", "status": "passed", "start": 1730124905309, "stop": 1730124905309}, {"name": "Определение случайного id ингридиента через API", "status": "passed", "start": 1730124905309, "stop": 1730124905746}, {"name": "Перемещение ингредиента в корзину", "status": "passed", "steps": [{"name": "Получение локатора случайного ингредиента", "status": "passed", "parameters": [{"name": "random_ingredient_id", "value": "'61c0c5a71d1f82001bdaaa70'"}, {"name": "element_locator", "value": "['xpath', '//a[@href = \"/ingredient/{ingredient_id}\"]']"}], "start": 1730124905746, "stop": 1730124905746}], "parameters": [{"name": "random_ingredient_id", "value": "'61c0c5a71d1f82001bdaaa70'"}], "start": 1730124905746, "stop": 1730124906343}, {"name": "Перемещение ингредиента в корзину", "status": "passed", "steps": [{"name": "Получение локатора случайного ингредиента", "status": "passed", "parameters": [{"name": "random_ingredient_id", "value": "'61c0c5a71d1f82001bdaaa6c'"}, {"name": "element_locator", "value": "['xpath', '//a[@href = \"/ingredient/{ingredient_id}\"]']"}], "start": 1730124906343, "stop": 1730124906343}], "parameters": [{"name": "random_ingredient_id", "value": "'61c0c5a71d1f82001bdaaa6c'"}], "start": 1730124906343, "stop": 1730124906935}, {"name": "Нажатие на кнопку \"Оформить заказ\"", "status": "passed", "start": 1730124906935, "stop": 1730124906975}], "parameters": [{"name": "driver", "value": "'chrome'"}], "start": 1730124905172, "stop": 1730124917112, "uuid": "90852806-9dd5-4cd0-b400-b6e027789313", "historyId": "7d4b9be004c02898a27644b9ee8360a2", "testCaseId": "c74fbe7a5a3e613d6ad0bce6df7ba9bb", "fullName": "tests.test_burger_builder_page.TestBurgerBuilderPage#test_order_creation_by_logged_in_user", "labels": [{"name": "parentSuite", "value": "tests"}, {"name": "suite", "value": "test_burger_builder_page"}, {"name": "subSuite", "value": "TestBurgerBuilderPage"}, {"name": "host", "value": "DESKTOP-AMN9CM3"}, {"name": "thread", "value": "9360-MainThread"}, {"name": "framework", "value": "pytest"}, {"name": "language", "value": "cpython3"}, {"name": "package", "value": "tests.test_burger_builder_page"}]}