{"name": "Проверка, что при создании нового заказа счётчик \"Выполнено за сегодня\" увеличивается", "status": "broken", "statusDetails": {"message": "Exception: Не удалось зарегистрировать пользователя и получить токены.", "trace": "driver = <selenium.webdriver.chrome.webdriver.WebDriver (session=\"35bc6baaca364bd1b18f70c03b6c87ca\")>\n\n    @pytest.fixture(scope='function') # Фикстура для регистрации и аутентификации нового пользователя.\n    def login_new_user(driver):\n    \n        tokens = register_and_authenticate_user()\n    \n        # Проверка, что токены не равны None\n        if tokens is None:\n>           raise Exception(\"Не удалось зарегистрировать пользователя и получить токены.\")\nE           Exception: Не удалось зарегистрировать пользователя и получить токены.\n\nconftest.py:47: Exception"}, "attachments": [{"name": "log", "source": "00803fc9-0252-4861-b6eb-250bbb845c42-attachment.txt", "type": "text/plain"}, {"name": "stderr", "source": "4f867d36-7ced-437d-b639-b0d3d2886598-attachment.txt", "type": "text/plain"}], "parameters": [{"name": "driver", "value": "'chrome'"}], "start": 1730125028164, "stop": 1730125028164, "uuid": "b8d0fe40-87f6-4db0-81aa-5876660ae103", "historyId": "3cc564750aa304c87ba90592e20bc838", "testCaseId": "13f654266aae4d23652dfd539b252d9e", "fullName": "tests.test_order_feed_section_page.TestOrderPage#test_today_counter_increased", "labels": [{"name": "parentSuite", "value": "tests"}, {"name": "suite", "value": "test_order_feed_section_page"}, {"name": "subSuite", "value": "TestOrderPage"}, {"name": "host", "value": "DESKTOP-AMN9CM3"}, {"name": "thread", "value": "9360-MainThread"}, {"name": "framework", "value": "pytest"}, {"name": "language", "value": "cpython3"}, {"name": "package", "value": "tests.test_order_feed_section_page"}]}