{"name": "Проверка перехода в раздел \"История заказов\"", "status": "broken", "statusDetails": {"message": "Exception: Не удалось зарегистрировать пользователя и получить токены.", "trace": "driver = <selenium.webdriver.chrome.webdriver.WebDriver (session=\"622bd4cb112e3c6118ef7c5645f34ea9\")>\n\n    @pytest.fixture(scope='function') # Фикстура для регистрации и аутентификации нового пользователя.\n    def login_new_user(driver):\n    \n        tokens = register_and_authenticate_user()\n    \n        # Проверка, что токены не равны None\n        if tokens is None:\n>           raise Exception(\"Не удалось зарегистрировать пользователя и получить токены.\")\nE           Exception: Не удалось зарегистрировать пользователя и получить токены.\n\nconftest.py:47: Exception"}, "attachments": [{"name": "log", "source": "ae593099-2401-497d-ada6-0bf6d52680cb-attachment.txt", "type": "text/plain"}, {"name": "stderr", "source": "0fc08126-8fce-497f-b9da-ff3a92f0bd55-attachment.txt", "type": "text/plain"}], "parameters": [{"name": "driver", "value": "'chrome'"}], "start": 1730369068976, "stop": 1730369068976, "uuid": "0b81fa3a-9357-4239-a60a-47cd61863c70", "historyId": "286418c434aeeb4c2785dff62342ad8a", "testCaseId": "10b26084cc421413e8b08bc595186298", "fullName": "tests.test_personal_account_page.TestPersonalAccountPage#test_navigate_to_order_history_page_via_order_history_link", "labels": [{"name": "parentSuite", "value": "tests"}, {"name": "suite", "value": "test_personal_account_page"}, {"name": "subSuite", "value": "TestPersonalAccountPage"}, {"name": "host", "value": "DESKTOP-AMN9CM3"}, {"name": "thread", "value": "13932-MainThread"}, {"name": "framework", "value": "pytest"}, {"name": "language", "value": "cpython3"}, {"name": "package", "value": "tests.test_personal_account_page"}]}