{"name": "Проверка, что после оформления заказа его номер появляется в разделе \"В работе\"", "status": "broken", "statusDetails": {"message": "Exception: Не удалось зарегистрировать пользователя и получить токены.", "trace": "driver = <selenium.webdriver.firefox.webdriver.WebDriver (session=\"bee96fa5-f997-4f1a-8b77-a58a01cad8a7\")>\n\n    @pytest.fixture(scope='function') # Фикстура для регистрации и аутентификации нового пользователя.\n    def login_new_user(driver):\n    \n        tokens = register_and_authenticate_user()\n    \n        # Проверка, что токены не равны None\n        if tokens is None:\n>           raise Exception(\"Не удалось зарегистрировать пользователя и получить токены.\")\nE           Exception: Не удалось зарегистрировать пользователя и получить токены.\n\nconftest.py:47: Exception"}, "attachments": [{"name": "log", "source": "3b49bcff-f29f-42a6-8344-bcdf1538ba63-attachment.txt", "type": "text/plain"}, {"name": "stderr", "source": "8f5a70de-299b-4c99-b7da-8ba6c815d004-attachment.txt", "type": "text/plain"}], "parameters": [{"name": "driver", "value": "'firefox'"}], "start": 1730368926805, "stop": 1730368926805, "uuid": "44e261f2-03d1-42e1-a6d6-03996c81d8d5", "historyId": "dbc8297ff4b9e5adbb4ed2f28cb0e2ac", "testCaseId": "ad64782228ac502584169eb34db72da3", "fullName": "tests.test_order_feed_section_page.TestOrderPage#test_order_number_in_progress", "labels": [{"name": "parentSuite", "value": "tests"}, {"name": "suite", "value": "test_order_feed_section_page"}, {"name": "subSuite", "value": "TestOrderPage"}, {"name": "host", "value": "DESKTOP-AMN9CM3"}, {"name": "thread", "value": "13932-MainThread"}, {"name": "framework", "value": "pytest"}, {"name": "language", "value": "cpython3"}, {"name": "package", "value": "tests.test_order_feed_section_page"}]}