{"name": "Проверка увеличения счетчика ингредиента при добавлении этого ингредиента в заказ", "status": "broken", "statusDetails": {"message": "selenium.common.exceptions.TimeoutException: Message: \nStacktrace:\nRemoteError@chrome://remote/content/shared/RemoteError.sys.mjs:8:8\nWebDriverError@chrome://remote/content/shared/webdriver/Errors.sys.mjs:193:5\nNoSuchElementError@chrome://remote/content/shared/webdriver/Errors.sys.mjs:511:5\ndom.find/</<@chrome://remote/content/shared/DOM.sys.mjs:136:16", "trace": "self = <tests.test_burger_builder_page.TestBurgerBuilderPage object at 0x000002172EFA9640>, driver = <selenium.webdriver.firefox.webdriver.WebDriver (session=\"3a13a155-3bc7-46db-8cc0-6c4d930bd765\")>\n\n    @allure.title('Проверка увеличения счетчика ингредиента при добавлении этого ингредиента в заказ')\n    def test_increase_counter_on_ingredient_addition(self, driver):\n        burger_builder_page = BurgerBuilderPage(driver)\n        burger_builder_page.navigate_to_constructor()\n        ingredient_id = fetch_random_ingredient_id()\n        before_ingredient_counter = burger_builder_page.get_ingredient_counter_value(ingredient_id)\n        burger_builder_page.move_ingredient_to_basket(ingredient_id)\n    \n>       WebDriverWait(driver, 10).until(EC.text_to_be_present_in_element(BurgerConstructorLocators.INGREDIENT_QUANTITY, str(int(before_ingredient_counter) + 1)))\n\ntests\\test_burger_builder_page.py:43: \n_ _ _ _ _ _ _ _ _ _ _ _ _ _ _ _ _ _ _ _ _ _ _ _ _ _ _ _ _ _ _ _ _ _ _ _ _ _ _ _ _ _ _ _ _ _ _ _ _ _ _ _ _ _ _ _ _ _ _ _ _ _ _ _ _ _ _ _ _ _ _ _ _ _ _ _ _ _ _ _ _ _ _ _ _ _ _ _ _ _ _ _ _ _ _ _ _ _ _ _ _ _ _ _ _ _ _ _ _ _ _ _ _ _ _ _\n\nself = <selenium.webdriver.support.wait.WebDriverWait (session=\"3a13a155-3bc7-46db-8cc0-6c4d930bd765\")>, method = <function text_to_be_present_in_element.<locals>._predicate at 0x000002172F0BF060>, message = ''\n\n    def until(self, method: Callable[[D], Union[Literal[False], T]], message: str = \"\") -> T:\n        \"\"\"Calls the method provided with the driver as an argument until the \\\n        return value does not evaluate to ``False``.\n    \n        :param method: callable(WebDriver)\n        :param message: optional message for :exc:`TimeoutException`\n        :returns: the result of the last call to `method`\n        :raises: :exc:`selenium.common.exceptions.TimeoutException` if timeout occurs\n        \"\"\"\n        screen = None\n        stacktrace = None\n    \n        end_time = time.monotonic() + self._timeout\n        while True:\n            try:\n                value = method(self._driver)\n                if value:\n                    return value\n            except self._ignored_exceptions as exc:\n                screen = getattr(exc, \"screen\", None)\n                stacktrace = getattr(exc, \"stacktrace\", None)\n            time.sleep(self._poll)\n            if time.monotonic() > end_time:\n                break\n>       raise TimeoutException(message, screen, stacktrace)\nE       selenium.common.exceptions.TimeoutException: Message: \nE       Stacktrace:\nE       RemoteError@chrome://remote/content/shared/RemoteError.sys.mjs:8:8\nE       WebDriverError@chrome://remote/content/shared/webdriver/Errors.sys.mjs:193:5\nE       NoSuchElementError@chrome://remote/content/shared/webdriver/Errors.sys.mjs:511:5\nE       dom.find/</<@chrome://remote/content/shared/DOM.sys.mjs:136:16\n\nvenv\\Lib\\site-packages\\selenium\\webdriver\\support\\wait.py:105: TimeoutException"}, "steps": [{"name": "Переход на страницу конструктора", "status": "passed", "start": 1730126774698, "stop": 1730126787639}, {"name": "Определение случайного id ингридиента через API", "status": "passed", "start": 1730126787639, "stop": 1730126788102}, {"name": "Получение значения счётчика для добавленного ингредиента", "status": "passed", "steps": [{"name": "Получение локатора случайного ингредиента", "status": "passed", "parameters": [{"name": "random_ingredient_id", "value": "'61c0c5a71d1f82001bdaaa7a'"}, {"name": "element_locator", "value": "['xpath', '//a[@href = \"/ingredient/{ingredient_id}\"]//p']"}], "start": 1730126788102, "stop": 1730126788102}], "parameters": [{"name": "random_ingredient_id", "value": "'61c0c5a71d1f82001bdaaa7a'"}], "start": 1730126788102, "stop": 1730126788148}, {"name": "Перемещение ингредиента в корзину", "status": "passed", "steps": [{"name": "Получение локатора случайного ингредиента", "status": "passed", "parameters": [{"name": "random_ingredient_id", "value": "'61c0c5a71d1f82001bdaaa7a'"}, {"name": "element_locator", "value": "['xpath', '//a[@href = \"/ingredient/{ingredient_id}\"]']"}], "start": 1730126788148, "stop": 1730126788148}], "parameters": [{"name": "random_ingredient_id", "value": "'61c0c5a71d1f82001bdaaa7a'"}], "start": 1730126788148, "stop": 1730126788772}], "parameters": [{"name": "driver", "value": "'firefox'"}], "start": 1730126774698, "stop": 1730126798879, "uuid": "7970a6d0-6e0e-4915-aab5-2c9d94be15f2", "historyId": "737189631928a2e748d749911fbc4ffd", "testCaseId": "7d7dad99cd49624c9fdb30d8933c06eb", "fullName": "tests.test_burger_builder_page.TestBurgerBuilderPage#test_increase_counter_on_ingredient_addition", "labels": [{"name": "parentSuite", "value": "tests"}, {"name": "suite", "value": "test_burger_builder_page"}, {"name": "subSuite", "value": "TestBurgerBuilderPage"}, {"name": "host", "value": "DESKTOP-AMN9CM3"}, {"name": "thread", "value": "8852-MainThread"}, {"name": "framework", "value": "pytest"}, {"name": "language", "value": "cpython3"}, {"name": "package", "value": "tests.test_burger_builder_page"}]}