{"name": "Проверка оформления заказа авторизованным пользователем", "status": "broken", "statusDetails": {"message": "Exception: Не удалось зарегистрировать пользователя и получить токены.", "trace": "driver = <selenium.webdriver.chrome.webdriver.WebDriver (session=\"48f5fcb2c97bcfeeeac7c7271eb8fa7d\")>\n\n    @pytest.fixture(scope='function') # Фикстура для регистрации и аутентификации нового пользователя.\n    def login_new_user(driver):\n    \n        tokens = register_and_authenticate_user()\n    \n        # Проверка, что токены не равны None\n        if tokens is None:\n>           raise Exception(\"Не удалось зарегистрировать пользователя и получить токены.\")\nE           Exception: Не удалось зарегистрировать пользователя и получить токены.\n\nconftest.py:47: Exception"}, "attachments": [{"name": "log", "source": "a6f115e7-37a1-46eb-9bf4-ddeba72f1fea-attachment.txt", "type": "text/plain"}, {"name": "stderr", "source": "6c1877a3-5cb0-489d-859d-af07cf31c693-attachment.txt", "type": "text/plain"}], "parameters": [{"name": "driver", "value": "'chrome'"}], "start": 1730368628361, "stop": 1730368628361, "uuid": "140a133f-fac0-4d4f-88c2-b1b098f95631", "historyId": "7d4b9be004c02898a27644b9ee8360a2", "testCaseId": "c74fbe7a5a3e613d6ad0bce6df7ba9bb", "fullName": "tests.test_burger_builder_page.TestBurgerBuilderPage#test_order_creation_by_logged_in_user", "labels": [{"name": "parentSuite", "value": "tests"}, {"name": "suite", "value": "test_burger_builder_page"}, {"name": "subSuite", "value": "TestBurgerBuilderPage"}, {"name": "host", "value": "DESKTOP-AMN9CM3"}, {"name": "thread", "value": "13932-MainThread"}, {"name": "framework", "value": "pytest"}, {"name": "language", "value": "cpython3"}, {"name": "package", "value": "tests.test_burger_builder_page"}]}